#
# There is insufficient memory for the Java Runtime Environment to continue.
# Native memory allocation (malloc) failed to allocate 1413376 bytes for Chunk::new
# Possible reasons:
#   The system is out of physical RAM or swap space
#   In 32 bit mode, the process size limit was hit
# Possible solutions:
#   Reduce memory load on the system
#   Increase physical memory or swap space
#   Check if swap backing store is full
#   Use 64 bit Java on a 64 bit OS
#   Decrease Java heap size (-Xmx/-Xms)
#   Decrease number of Java threads
#   Decrease Java thread stack sizes (-Xss)
#   Set larger code cache with -XX:ReservedCodeCacheSize=
# This output file may be truncated or incomplete.
#
#  Out of Memory Error (allocation.cpp:390), pid=19884, tid=0x0000000000008100
#
# JRE version: Java(TM) SE Runtime Environment (8.0_121-b13) (build 1.8.0_121-b13)
# Java VM: Java HotSpot(TM) 64-Bit Server VM (25.121-b13 mixed mode windows-amd64 compressed oops)
# Failed to write core dump. Minidumps are not enabled by default on client versions of Windows
#

---------------  T H R E A D  ---------------

Current thread (0x0000000018f15000):  JavaThread "C2 CompilerThread1" daemon [_thread_in_native, id=33024, stack(0x00000000197e0000,0x00000000198e0000)]

Stack: [0x00000000197e0000,0x00000000198e0000]
[error occurred during error reporting (printing stack bounds), id 0xc0000005]

Native frames: (J=compiled Java code, j=interpreted, Vv=VM code, C=native code)


Current CompileTask:
C2:   4242 1994       4       java.net.URLClassLoader$1::run (5 bytes)


---------------  P R O C E S S  ---------------

Java Threads: ( => current thread )
  0x000000001a324800 JavaThread "restartedMain" [_thread_in_Java, id=19968, stack(0x000000001b860000,0x000000001b960000)]
  0x000000001a81a800 JavaThread "Thread-0" [_thread_blocked, id=25156, stack(0x000000001b760000,0x000000001b860000)]
  0x000000001908c000 JavaThread "Monitor Ctrl-Break" daemon [_thread_in_native, id=17592, stack(0x000000001a580000,0x000000001a680000)]
  0x0000000018f91800 JavaThread "Service Thread" daemon [_thread_blocked, id=34936, stack(0x0000000019ae0000,0x0000000019be0000)]
  0x0000000018f1f800 JavaThread "C1 CompilerThread3" daemon [_thread_blocked, id=14352, stack(0x00000000199e0000,0x0000000019ae0000)]
  0x0000000018f17000 JavaThread "C2 CompilerThread2" daemon [_thread_in_native, id=19088, stack(0x00000000198e0000,0x00000000199e0000)]
=>0x0000000018f15000 JavaThread "C2 CompilerThread1" daemon [_thread_in_native, id=33024, stack(0x00000000197e0000,0x00000000198e0000)]
  0x0000000018f10800 JavaThread "C2 CompilerThread0" daemon [_thread_in_native, id=3340, stack(0x00000000196e0000,0x00000000197e0000)]
  0x0000000018f0e000 JavaThread "Attach Listener" daemon [_thread_blocked, id=10932, stack(0x00000000195e0000,0x00000000196e0000)]
  0x0000000018f0d000 JavaThread "Signal Dispatcher" daemon [_thread_blocked, id=19976, stack(0x00000000194e0000,0x00000000195e0000)]
  0x000000000202d800 JavaThread "Finalizer" daemon [_thread_blocked, id=8040, stack(0x00000000192e0000,0x00000000193e0000)]
  0x000000000202a000 JavaThread "Reference Handler" daemon [_thread_blocked, id=26828, stack(0x0000000018de0000,0x0000000018ee0000)]
  0x0000000001f36000 JavaThread "main" [_thread_blocked, id=25832, stack(0x0000000001e30000,0x0000000001f30000)]

Other Threads:
  0x0000000016fe9800 VMThread [stack: 0x0000000018ce0000,0x0000000018de0000] [id=26040]
  0x0000000019017000 WatcherThread [stack: 0x0000000019be0000,0x0000000019ce0000] [id=11288]

VM state:not at safepoint (normal execution)

VM Mutex/Monitor currently owned by a thread: None

Heap:
 PSYoungGen      total 67072K, used 22104K [0x00000000d5c00000, 0x00000000ddf80000, 0x0000000100000000)
  eden space 61952K, 29% used [0x00000000d5c00000,0x00000000d6deb4f8,0x00000000d9880000)
  from space 5120K, 73% used [0x00000000da200000,0x00000000da5aab50,0x00000000da700000)
  to   space 9728K, 0% used [0x00000000d9880000,0x00000000d9880000,0x00000000da200000)
 ParOldGen       total 55808K, used 9732K [0x0000000081400000, 0x0000000084a80000, 0x00000000d5c00000)
  object space 55808K, 17% used [0x0000000081400000,0x0000000081d813c0,0x0000000084a80000)
 Metaspace       used 24256K, capacity 24988K, committed 25136K, reserved 1071104K
  class space    used 3119K, capacity 3300K, committed 3376K, reserved 1048576K

Card table byte_map: [0x00000000113f0000,0x00000000117f0000] byte_map_base: 0x0000000010fe6000

Marking Bits: (ParMarkBitMap*) 0x00000000514bb6d0
 Begin Bits: [0x00000000122a0000, 0x0000000014250000)
 End Bits:   [0x0000000014250000, 0x0000000016200000)

Polling page: 0x0000000000420000

CodeCache: size=245760Kb used=7730Kb max_used=7730Kb free=238029Kb
 bounds [0x0000000002030000, 0x00000000027d0000, 0x0000000011030000]
 total_blobs=2514 nmethods=2124 adapters=302
 compilation: enabled

Compilation events (10 events):
Event: 4.175 Thread 0x0000000018f1f800 2093       3       java.util.HashMap::putMapEntries (154 bytes)
Event: 4.175 Thread 0x0000000018f1f800 nmethod 2093 0x000000000278ff90 code [0x0000000002790200, 0x0000000002790f68]
Event: 4.175 Thread 0x0000000018f1f800 2091       1       org.springframework.core.type.classreading.ClassMetadataReadingVisitor::getSuperClassName (5 bytes)
Event: 4.175 Thread 0x0000000018f1f800 nmethod 2091 0x000000000278fcd0 code [0x000000000278fe20, 0x000000000278ff30]
Event: 4.175 Thread 0x0000000018f1f800 2094       3       org.springframework.core.annotation.AnnotationAwareOrderComparator::findOrder (135 bytes)
Event: 4.176 Thread 0x0000000018f17000 nmethod 2095 0x000000000278f950 code [0x000000000278faa0, 0x000000000278fba8]
Event: 4.177 Thread 0x0000000018f1f800 nmethod 2094 0x00000000027a34d0 code [0x00000000027a3840, 0x00000000027a5918]
Event: 4.178 Thread 0x0000000018f1f800 2096       3       org.springframework.core.io.ClassPathResource::<init> (51 bytes)
Event: 4.178 Thread 0x0000000018f1f800 nmethod 2096 0x00000000027a2890 code [0x00000000027a2a60, 0x00000000027a31c8]
Event: 4.192 Thread 0x0000000018f1f800 2097       3       java.io.File::getCanonicalPath (31 bytes)

GC Heap History (10 events):
Event: 2.926 GC heap before
{Heap before GC invocations=3 (full 0):
 PSYoungGen      total 38400K, used 36373K [0x00000000d5c00000, 0x00000000da700000, 0x0000000100000000)
  eden space 33280K, 100% used [0x00000000d5c00000,0x00000000d7c80000,0x00000000d7c80000)
  from space 5120K, 60% used [0x00000000d8180000,0x00000000d8485640,0x00000000d8680000)
  to   space 5120K, 0% used [0x00000000d7c80000,0x00000000d7c80000,0x00000000d8180000)
 ParOldGen       total 87552K, used 16K [0x0000000081400000, 0x0000000086980000, 0x00000000d5c00000)
  object space 87552K, 0% used [0x0000000081400000,0x0000000081404000,0x0000000086980000)
 Metaspace       used 12333K, capacity 12760K, committed 13056K, reserved 1060864K
  class space    used 1526K, capacity 1667K, committed 1792K, reserved 1048576K
Event: 2.932 GC heap after
Heap after GC invocations=3 (full 0):
 PSYoungGen      total 38400K, used 4891K [0x00000000d5c00000, 0x00000000da700000, 0x0000000100000000)
  eden space 33280K, 0% used [0x00000000d5c00000,0x00000000d5c00000,0x00000000d7c80000)
  from space 5120K, 95% used [0x00000000d7c80000,0x00000000d8146ce0,0x00000000d8180000)
  to   space 5120K, 0% used [0x00000000da200000,0x00000000da200000,0x00000000da700000)
 ParOldGen       total 87552K, used 24K [0x0000000081400000, 0x0000000086980000, 0x00000000d5c00000)
  object space 87552K, 0% used [0x0000000081400000,0x0000000081406000,0x0000000086980000)
 Metaspace       used 12333K, capacity 12760K, committed 13056K, reserved 1060864K
  class space    used 1526K, capacity 1667K, committed 1792K, reserved 1048576K
}
Event: 3.253 GC heap before
{Heap before GC invocations=4 (full 0):
 PSYoungGen      total 38400K, used 38171K [0x00000000d5c00000, 0x00000000da700000, 0x0000000100000000)
  eden space 33280K, 100% used [0x00000000d5c00000,0x00000000d7c80000,0x00000000d7c80000)
  from space 5120K, 95% used [0x00000000d7c80000,0x00000000d8146ce0,0x00000000d8180000)
  to   space 5120K, 0% used [0x00000000da200000,0x00000000da200000,0x00000000da700000)
 ParOldGen       total 87552K, used 24K [0x0000000081400000, 0x0000000086980000, 0x00000000d5c00000)
  object space 87552K, 0% used [0x0000000081400000,0x0000000081406000,0x0000000086980000)
 Metaspace       used 14538K, capacity 15024K, committed 15104K, reserved 1062912K
  class space    used 1913K, capacity 2045K, committed 2048K, reserved 1048576K
Event: 3.271 GC heap after
Heap after GC invocations=4 (full 0):
 PSYoungGen      total 71680K, used 5098K [0x00000000d5c00000, 0x00000000da700000, 0x0000000100000000)
  eden space 66560K, 0% used [0x00000000d5c00000,0x00000000d5c00000,0x00000000d9d00000)
  from space 5120K, 99% used [0x00000000da200000,0x00000000da6fa908,0x00000000da700000)
  to   space 5120K, 0% used [0x00000000d9d00000,0x00000000d9d00000,0x00000000da200000)
 ParOldGen       total 87552K, used 672K [0x0000000081400000, 0x0000000086980000, 0x00000000d5c00000)
  object space 87552K, 0% used [0x0000000081400000,0x00000000814a83c0,0x0000000086980000)
 Metaspace       used 14538K, capacity 15024K, committed 15104K, reserved 1062912K
  class space    used 1913K, capacity 2045K, committed 2048K, reserved 1048576K
}
Event: 3.637 GC heap before
{Heap before GC invocations=5 (full 0):
 PSYoungGen      total 71680K, used 63731K [0x00000000d5c00000, 0x00000000da700000, 0x0000000100000000)
  eden space 66560K, 88% used [0x00000000d5c00000,0x00000000d95424f0,0x00000000d9d00000)
  from space 5120K, 99% used [0x00000000da200000,0x00000000da6fa908,0x00000000da700000)
  to   space 5120K, 0% used [0x00000000d9d00000,0x00000000d9d00000,0x00000000da200000)
 ParOldGen       total 87552K, used 672K [0x0000000081400000, 0x0000000086980000, 0x00000000d5c00000)
  object space 87552K, 0% used [0x0000000081400000,0x00000000814a83c0,0x0000000086980000)
 Metaspace       used 20695K, capacity 21232K, committed 21296K, reserved 1067008K
  class space    used 2673K, capacity 2831K, committed 2864K, reserved 1048576K
Event: 3.646 GC heap after
Heap after GC invocations=5 (full 0):
 PSYoungGen      total 71680K, used 5088K [0x00000000d5c00000, 0x00000000da700000, 0x0000000100000000)
  eden space 66560K, 0% used [0x00000000d5c00000,0x00000000d5c00000,0x00000000d9d00000)
  from space 5120K, 99% used [0x00000000d9d00000,0x00000000da1f83f8,0x00000000da200000)
  to   space 5120K, 0% used [0x00000000da200000,0x00000000da200000,0x00000000da700000)
 ParOldGen       total 87552K, used 5539K [0x0000000081400000, 0x0000000086980000, 0x00000000d5c00000)
  object space 87552K, 6% used [0x0000000081400000,0x0000000081968fe8,0x0000000086980000)
 Metaspace       used 20695K, capacity 21232K, committed 21296K, reserved 1067008K
  class space    used 2673K, capacity 2831K, committed 2864K, reserved 1048576K
}
Event: 3.646 GC heap before
{Heap before GC invocations=6 (full 1):
 PSYoungGen      total 71680K, used 5088K [0x00000000d5c00000, 0x00000000da700000, 0x0000000100000000)
  eden space 66560K, 0% used [0x00000000d5c00000,0x00000000d5c00000,0x00000000d9d00000)
  from space 5120K, 99% used [0x00000000d9d00000,0x00000000da1f83f8,0x00000000da200000)
  to   space 5120K, 0% used [0x00000000da200000,0x00000000da200000,0x00000000da700000)
 ParOldGen       total 87552K, used 5539K [0x0000000081400000, 0x0000000086980000, 0x00000000d5c00000)
  object space 87552K, 6% used [0x0000000081400000,0x0000000081968fe8,0x0000000086980000)
 Metaspace       used 20695K, capacity 21232K, committed 21296K, reserved 1067008K
  class space    used 2673K, capacity 2831K, committed 2864K, reserved 1048576K
Event: 3.673 GC heap after
Heap after GC invocations=6 (full 1):
 PSYoungGen      total 71680K, used 0K [0x00000000d5c00000, 0x00000000da700000, 0x0000000100000000)
  eden space 66560K, 0% used [0x00000000d5c00000,0x00000000d5c00000,0x00000000d9d00000)
  from space 5120K, 0% used [0x00000000d9d00000,0x00000000d9d00000,0x00000000da200000)
  to   space 5120K, 0% used [0x00000000da200000,0x00000000da200000,0x00000000da700000)
 ParOldGen       total 55808K, used 9660K [0x0000000081400000, 0x0000000084a80000, 0x00000000d5c00000)
  object space 55808K, 17% used [0x0000000081400000,0x0000000081d6f3b0,0x0000000084a80000)
 Metaspace       used 20695K, capacity 21232K, committed 21296K, reserved 1067008K
  class space    used 2673K, capacity 2831K, committed 2864K, reserved 1048576K
}
Event: 4.025 GC heap before
{Heap before GC invocations=7 (full 1):
 PSYoungGen      total 71680K, used 66560K [0x00000000d5c00000, 0x00000000da700000, 0x0000000100000000)
  eden space 66560K, 100% used [0x00000000d5c00000,0x00000000d9d00000,0x00000000d9d00000)
  from space 5120K, 0% used [0x00000000d9d00000,0x00000000d9d00000,0x00000000da200000)
  to   space 5120K, 0% used [0x00000000da200000,0x00000000da200000,0x00000000da700000)
 ParOldGen       total 55808K, used 9660K [0x0000000081400000, 0x0000000084a80000, 0x00000000d5c00000)
  object space 55808K, 17% used [0x0000000081400000,0x0000000081d6f3b0,0x0000000084a80000)
 Metaspace       used 23686K, capacity 24380K, committed 24496K, reserved 1071104K
  class space    used 3035K, capacity 3186K, committed 3248K, reserved 1048576K
Event: 4.030 GC heap after
Heap after GC invocations=7 (full 1):
 PSYoungGen      total 67072K, used 3754K [0x00000000d5c00000, 0x00000000ddf80000, 0x0000000100000000)
  eden space 61952K, 0% used [0x00000000d5c00000,0x00000000d5c00000,0x00000000d9880000)
  from space 5120K, 73% used [0x00000000da200000,0x00000000da5aab50,0x00000000da700000)
  to   space 9728K, 0% used [0x00000000d9880000,0x00000000d9880000,0x00000000da200000)
 ParOldGen       total 55808K, used 9732K [0x0000000081400000, 0x0000000084a80000, 0x00000000d5c00000)
  object space 55808K, 17% used [0x0000000081400000,0x0000000081d813c0,0x0000000084a80000)
 Metaspace       used 23686K, capacity 24380K, committed 24496K, reserved 1071104K
  class space    used 3035K, capacity 3186K, committed 3248K, reserved 1048576K
}

Deoptimization events (10 events):
Event: 3.454 Thread 0x000000001a324800 Uncommon trap: reason=bimorphic action=maybe_recompile pc=0x00000000024bd410 method=java.util.HashMap.putVal(ILjava/lang/Object;Ljava/lang/Object;ZZ)Ljava/lang/Object; @ 253
Event: 3.455 Thread 0x000000001a324800 Uncommon trap: reason=bimorphic action=maybe_recompile pc=0x00000000024bd410 method=java.util.HashMap.putVal(ILjava/lang/Object;Ljava/lang/Object;ZZ)Ljava/lang/Object; @ 253
Event: 3.455 Thread 0x000000001a324800 Uncommon trap: reason=bimorphic action=maybe_recompile pc=0x00000000024bd410 method=java.util.HashMap.putVal(ILjava/lang/Object;Ljava/lang/Object;ZZ)Ljava/lang/Object; @ 253
Event: 3.457 Thread 0x000000001a324800 Uncommon trap: reason=unstable_if action=reinterpret pc=0x000000000231df60 method=java.io.WinNTFileSystem.normalize(Ljava/lang/String;)Ljava/lang/String; @ 128
Event: 3.607 Thread 0x000000001ace7000 Uncommon trap: reason=unstable_if action=reinterpret pc=0x00000000024793e4 method=jdk.internal.org.objectweb.asm.Type.getArgumentsAndReturnSizes(Ljava/lang/String;)I @ 47
Event: 3.759 Thread 0x000000001ace7000 Uncommon trap: reason=unstable_if action=reinterpret pc=0x00000000025e9b6c method=com.sun.org.apache.xerces.internal.impl.XMLEntityScanner.scanLiteral(ILcom/sun/org/apache/xerces/internal/xni/XMLString;Z)I @ 570
Event: 3.799 Thread 0x000000001ace7000 Uncommon trap: reason=unstable_if action=reinterpret pc=0x000000000261185c method=com.sun.org.apache.xerces.internal.impl.XMLEntityScanner.skipSpaces()Z @ 125
Event: 3.813 Thread 0x000000001a324800 Uncommon trap: reason=unstable_if action=reinterpret pc=0x000000000257c76c method=org.springframework.asm.ClassReader.readUTF8(I[C)Ljava/lang/String; @ 11
Event: 3.817 Thread 0x000000001ace7000 Uncommon trap: reason=unstable_if action=reinterpret pc=0x000000000262bcf8 method=com.sun.org.apache.xerces.internal.util.SymbolTable.addSymbol([CII)Ljava/lang/String; @ 38
Event: 3.831 Thread 0x000000001ace7000 Uncommon trap: reason=unstable_if action=reinterpret pc=0x0000000002674e08 method=com.sun.org.apache.xerces.internal.util.SymbolTable.addSymbol([CII)Ljava/lang/String; @ 38

Internal exceptions (10 events):
Event: 3.428 Thread 0x000000001a324800 Exception <a 'java/lang/ClassNotFoundException': org/springframework/core/OrderedCustomizer> (0x00000000d76a2b48) thrown at [C:\re\workspace\8-2-build-windows-amd64-cygwin\jdk8u121\8372\hotspot\src\share\vm\classfile\systemDictionary.cpp, line 210]
Event: 3.428 Thread 0x000000001a324800 Exception <a 'java/lang/ClassNotFoundException': org/springframework/context/ResourceLoaderAwareCustomizer> (0x00000000d76bc3e0) thrown at [C:\re\workspace\8-2-build-windows-amd64-cygwin\jdk8u121\8372\hotspot\src\share\vm\classfile\systemDictionary.cpp, l
Event: 3.429 Thread 0x000000001a324800 Exception <a 'java/lang/ClassNotFoundException': org/springframework/beans/factory/AwareCustomizer> (0x00000000d76d3aa8) thrown at [C:\re\workspace\8-2-build-windows-amd64-cygwin\jdk8u121\8372\hotspot\src\share\vm\classfile\systemDictionary.cpp, line 210]
Event: 3.429 Thread 0x000000001a324800 Exception <a 'java/lang/ClassNotFoundException': org/springframework/beans/factory/BeanClassLoaderAwareCustomizer> (0x00000000d76eeba8) thrown at [C:\re\workspace\8-2-build-windows-amd64-cygwin\jdk8u121\8372\hotspot\src\share\vm\classfile\systemDictionary
Event: 3.429 Thread 0x000000001a324800 Exception <a 'java/lang/ClassNotFoundException': org/springframework/beans/factory/AwareCustomizer> (0x00000000d7706258) thrown at [C:\re\workspace\8-2-build-windows-amd64-cygwin\jdk8u121\8372\hotspot\src\share\vm\classfile\systemDictionary.cpp, line 210]
Event: 3.430 Thread 0x000000001a324800 Exception <a 'java/lang/ClassNotFoundException': org/springframework/context/EnvironmentAwareCustomizer> (0x00000000d771e060) thrown at [C:\re\workspace\8-2-build-windows-amd64-cygwin\jdk8u121\8372\hotspot\src\share\vm\classfile\systemDictionary.cpp, line
Event: 3.430 Thread 0x000000001a324800 Exception <a 'java/lang/ClassNotFoundException': org/springframework/beans/factory/AwareCustomizer> (0x00000000d77355f0) thrown at [C:\re\workspace\8-2-build-windows-amd64-cygwin\jdk8u121\8372\hotspot\src\share\vm\classfile\systemDictionary.cpp, line 210]
Event: 3.463 Thread 0x000000001a324800 Exception <a 'java/lang/NoSuchMethodError': java.lang.Object.lambda$comparing$77a9974f$1(Ljava/util/function/Function;Ljava/lang/Object;Ljava/lang/Object;)I> (0x00000000d7c14070) thrown at [C:\re\workspace\8-2-build-windows-amd64-cygwin\jdk8u121\8372\hots
Event: 3.613 Thread 0x000000001ace7000 Exception <a 'java/lang/IncompatibleClassChangeError': Found class java.lang.Object, but interface was expected> (0x00000000d9302ed0) thrown at [C:\re\workspace\8-2-build-windows-amd64-cygwin\jdk8u121\8372\hotspot\src\share\vm\interpreter\linkResolver.cpp
Event: 4.064 Thread 0x000000001a324800 Exception <a 'java/lang/IncompatibleClassChangeError': Found class java.lang.Object, but interface was expected> (0x00000000d5f9aa78) thrown at [C:\re\workspace\8-2-build-windows-amd64-cygwin\jdk8u121\8372\hotspot\src\share\vm\interpreter\linkResolver.cpp

Events (10 events):
Event: 4.168 loading class org/springframework/boot/web/servlet/ServletContextInitializer
Event: 4.168 loading class org/springframework/boot/web/servlet/ServletContextInitializer done
Event: 4.169 loading class org/springframework/boot/autoconfigure/web/servlet/DispatcherServletAutoConfiguration$DefaultDispatcherServletCondition
Event: 4.169 loading class org/springframework/boot/autoconfigure/web/servlet/DispatcherServletAutoConfiguration$DefaultDispatcherServletCondition done
Event: 4.179 loading class org/springframework/boot/autoconfigure/condition/ConditionalOnResource
Event: 4.179 loading class org/springframework/boot/autoconfigure/condition/ConditionalOnResource done
Event: 4.180 loading class org/springframework/boot/autoconfigure/condition/OnResourceCondition
Event: 4.180 loading class org/springframework/boot/autoconfigure/condition/OnResourceCondition done
Event: 4.191 loading class org/springframework/boot/autoconfigure/validation/PrimaryDefaultValidatorPostProcessor
Event: 4.191 loading class org/springframework/boot/autoconfigure/validation/PrimaryDefaultValidatorPostProcessor done


Dynamic libraries:
0x00007ff79b6a0000 - 0x00007ff79b6d7000 	C:\Program Files\Java\jdk1.8.0_121\bin\java.exe
0x00007ffe95c60000 - 0x00007ffe95e0d000 	C:\Windows\SYSTEM32\ntdll.dll
0x00007ffe952d0000 - 0x00007ffe9540e000 	C:\Windows\system32\KERNEL32.DLL
0x00007ffe931c0000 - 0x00007ffe932d6000 	C:\Windows\system32\KERNELBASE.dll
0x00007ffe918f0000 - 0x00007ffe9197e000 	C:\Windows\system32\apphelp.dll
0x00007ffe84480000 - 0x00007ffe844d3000 	C:\Windows\AppPatch\AppPatch64\AcGenral.DLL
0x00007ffe950e0000 - 0x00007ffe9518a000 	C:\Windows\system32\msvcrt.dll
0x00007ffe92eb0000 - 0x00007ffe92ede000 	C:\Windows\system32\SspiCli.dll
0x00007ffe932f0000 - 0x00007ffe93344000 	C:\Windows\system32\SHLWAPI.dll
0x00007ffe94b70000 - 0x00007ffe94ce7000 	C:\Windows\system32\USER32.dll
0x00007ffe95890000 - 0x00007ffe95a24000 	C:\Windows\system32\ole32.dll
0x00007ffe93350000 - 0x00007ffe9487c000 	C:\Windows\system32\SHELL32.dll
0x00007ffe92370000 - 0x00007ffe92391000 	C:\Windows\SYSTEM32\USERENV.dll
0x00007ffe94cf0000 - 0x00007ffe94d9a000 	C:\Windows\system32\ADVAPI32.dll
0x00007ffe89080000 - 0x00007ffe8909e000 	C:\Windows\SYSTEM32\MPR.dll
0x00007ffe95190000 - 0x00007ffe952d0000 	C:\Windows\system32\RPCRT4.dll
0x00007ffe95410000 - 0x00007ffe95469000 	C:\Windows\SYSTEM32\sechost.dll
0x00007ffe94950000 - 0x00007ffe94b62000 	C:\Windows\SYSTEM32\combase.dll
0x00007ffe954e0000 - 0x00007ffe9562b000 	C:\Windows\system32\GDI32.dll
0x00007ffe92d80000 - 0x00007ffe92d95000 	C:\Windows\SYSTEM32\profapi.dll
0x00007ffe91560000 - 0x00007ffe91612000 	C:\Windows\SYSTEM32\SHCORE.dll
0x00007ffe95bc0000 - 0x00007ffe95bf6000 	C:\Windows\system32\IMM32.DLL
0x00007ffe94f60000 - 0x00007ffe950b1000 	C:\Windows\system32\MSCTF.dll
0x00007ffe92d30000 - 0x00007ffe92d61000 	C:\Windows\system32\nvinitx.dll
0x00007ffe92d20000 - 0x00007ffe92d2a000 	C:\Windows\SYSTEM32\VERSION.dll
0x00000000547f0000 - 0x0000000054885000 	C:\Windows\System32\SYSFER.DLL
0x00007ffe90c50000 - 0x00007ffe90ecb000 	C:\Windows\WinSxS\amd64_microsoft.windows.common-controls_6595b64144ccf1df_6.0.9600.18006_none_623f33d3ecbe86e8\COMCTL32.dll
0x00000000524f0000 - 0x00000000525c2000 	C:\Program Files\Java\jdk1.8.0_121\jre\bin\msvcr100.dll
0x0000000050ca0000 - 0x000000005153b000 	C:\Program Files\Java\jdk1.8.0_121\jre\bin\server\jvm.dll
0x00007ffe87390000 - 0x00007ffe87399000 	C:\Windows\SYSTEM32\WSOCK32.dll
0x00007ffe8f450000 - 0x00007ffe8f472000 	C:\Windows\SYSTEM32\WINMM.dll
0x00007ffe932e0000 - 0x00007ffe932e7000 	C:\Windows\system32\PSAPI.DLL
0x00007ffe95c00000 - 0x00007ffe95c5a000 	C:\Windows\system32\WS2_32.dll
0x00007ffe8f420000 - 0x00007ffe8f44a000 	C:\Windows\SYSTEM32\WINMMBASE.dll
0x00007ffe94940000 - 0x00007ffe94949000 	C:\Windows\system32\NSI.dll
0x00007ffe93170000 - 0x00007ffe931bf000 	C:\Windows\SYSTEM32\cfgmgr32.dll
0x00007ffe91b40000 - 0x00007ffe91b68000 	C:\Windows\SYSTEM32\DEVOBJ.dll
0x00000000524e0000 - 0x00000000524ef000 	C:\Program Files\Java\jdk1.8.0_121\jre\bin\verify.dll
0x00000000524b0000 - 0x00000000524d9000 	C:\Program Files\Java\jdk1.8.0_121\jre\bin\java.dll
0x0000000052490000 - 0x00000000524a6000 	C:\Program Files\Java\jdk1.8.0_121\jre\bin\zip.dll
0x00007ffe8f3a0000 - 0x00007ffe8f3b0000 	C:\Program Files (x86)\JetBrains\IntelliJ IDEA 2016.2\bin\breakgen64.dll
0x0000000052470000 - 0x000000005248a000 	C:\Program Files\Java\jdk1.8.0_121\jre\bin\net.dll
0x00007ffe92630000 - 0x00007ffe92689000 	C:\Windows\system32\mswsock.dll
0x0000000052440000 - 0x000000005244d000 	C:\Program Files\Java\jdk1.8.0_121\jre\bin\management.dll
0x00007ffe87f70000 - 0x00007ffe87f85000 	C:\Windows\system32\napinsp.dll
0x00007ffe87f50000 - 0x00007ffe87f6a000 	C:\Windows\system32\pnrpnsp.dll
0x00007ffe8dd60000 - 0x00007ffe8dd7b000 	C:\Windows\system32\NLAapi.dll
0x00007ffe92430000 - 0x00007ffe924d4000 	C:\Windows\SYSTEM32\DNSAPI.dll
0x00007ffe87f40000 - 0x00007ffe87f4d000 	C:\Windows\System32\winrnr.dll
0x00007ffe86a90000 - 0x00007ffe86a9a000 	C:\Windows\System32\rasadhlp.dll
0x00007ffe8c7b0000 - 0x00007ffe8c7da000 	C:\Windows\SYSTEM32\IPHLPAPI.DLL
0x00007ffe8c750000 - 0x00007ffe8c75a000 	C:\Windows\SYSTEM32\WINNSI.DLL
0x00007ffe8c040000 - 0x00007ffe8c0ab000 	C:\Windows\System32\fwpuclnt.dll
0x0000000052450000 - 0x0000000052461000 	C:\Program Files\Java\jdk1.8.0_121\jre\bin\nio.dll

VM Arguments:
jvm_args: -Didea.launcher.port=7536 -Didea.launcher.bin.path=C:\Program Files (x86)\JetBrains\IntelliJ IDEA 2016.2\bin -Dfile.encoding=UTF-8 
java_command: com.intellij.rt.execution.application.AppMain com.ibecole.ibecole.IbecoleApplication
java_class_path (initial): C:\Program Files\Java\jdk1.8.0_121\jre\lib\charsets.jar;C:\Program Files\Java\jdk1.8.0_121\jre\lib\deploy.jar;C:\Program Files\Java\jdk1.8.0_121\jre\lib\ext\access-bridge-64.jar;C:\Program Files\Java\jdk1.8.0_121\jre\lib\ext\cldrdata.jar;C:\Program Files\Java\jdk1.8.0_121\jre\lib\ext\dnsns.jar;C:\Program Files\Java\jdk1.8.0_121\jre\lib\ext\jaccess.jar;C:\Program Files\Java\jdk1.8.0_121\jre\lib\ext\jfxrt.jar;C:\Program Files\Java\jdk1.8.0_121\jre\lib\ext\localedata.jar;C:\Program Files\Java\jdk1.8.0_121\jre\lib\ext\nashorn.jar;C:\Program Files\Java\jdk1.8.0_121\jre\lib\ext\sunec.jar;C:\Program Files\Java\jdk1.8.0_121\jre\lib\ext\sunjce_provider.jar;C:\Program Files\Java\jdk1.8.0_121\jre\lib\ext\sunmscapi.jar;C:\Program Files\Java\jdk1.8.0_121\jre\lib\ext\sunpkcs11.jar;C:\Program Files\Java\jdk1.8.0_121\jre\lib\ext\zipfs.jar;C:\Program Files\Java\jdk1.8.0_121\jre\lib\javaws.jar;C:\Program Files\Java\jdk1.8.0_121\jre\lib\jce.jar;C:\Program Files\Java\jdk1.8.0_121\jre\lib\jfr.jar;C:\Program Files\Java\jdk1.8.0_121\jre\lib\jfxswt.jar;C:\Program Files\Java\jdk1.8.0_121\jre\lib\jsse.jar;C:\Program Files\Java\jdk1.8.0_121\jre\lib\management-agent.jar;C:\Program Files\Java\jdk1.8.0_121\jre\lib\plugin.jar;C:\Program Files\Java\jdk1.8.0_121\jre\lib\resources.jar;C:\Program Files\Java\jdk1.8.0_121\jre\lib\rt.jar;D:\youcef\dev-test\ibecole\ibecole\target\classes;C:\Users\idirene.youcef\.m2\repository\commons-fileupload\commons-fileupload\1.3.3\commons-fileupload-1.3.3.jar;C:\Users\idirene.youcef\.m2\repository\commons-io\commons-io\2.2\commons-io-2.2.jar;C:\Users\idirene.youcef\.m2\repository\org\springframework\boot\spring-boot-starter-data-jpa\2.1.0.RELEASE\spring-boot-starter-data-jpa-2.1.0.RELEASE.jar;C:\Users\idirene.youcef\.m2\repository\org\springframework\boot\spring-boot-starter-aop\2.1.1.RELEASE\spring-boot-starter-aop-2.1.1.RELEASE.jar;C:\Users\idirene.youcef\.m2\repository\org\aspectj\aspectjweaver\1.9.2\aspectjweaver-1.9.2.jar;C:\Users\i
Launcher Type: SUN_STANDARD

Environment Variables:
JAVA_HOME=C:\Program Files\Java\jdk1.8.0_121
PATH=C:\Program Files\Java\jdk1.8.0_121\bin;C:\ProgramData\Oracle\Java\javapath;C:\Windows\system32;C:\Windows;C:\Windows\System32\Wbem;C:\Windows\System32\WindowsPowerShell\v1.0\;C:\Windows\CCM;C:\Program Files\Java\jdk1.8.0_121\bin;C:\apache-maven-3.3.9\bin;C:\Program Files\Git\cmd;C:\glassfish3.1.2.2/bin;C:\Program Files\TortoiseSVN\bin;C:\server\payara-4.1.1.154\payara41/bin;C:\ProgramData\chocolatey\bin;C:\Program Files (x86)\Yarn\bin\;D:\Program Files (x86)\Microsoft VS Code\bin;C:\dev\nodejs\;;C:\Program Files\Docker Toolbox;C:\Program Files (x86)\SSH Communications Security\SSH Secure Shell;C:\Users\idirene.youcef\AppData\Local\Yarn\bin;C:\Users\idirene.youcef\AppData\Roaming\npm
USERNAME=idirene.youcef
OS=Windows_NT
PROCESSOR_IDENTIFIER=Intel64 Family 6 Model 60 Stepping 3, GenuineIntel



---------------  S Y S T E M  ---------------

OS: Windows 8.1 , 64 bit Build 9600 (6.3.9600.17415)

CPU:total 8 (4 cores per cpu, 2 threads per core) family 6 model 60 stepping 3, cmov, cx8, fxsr, mmx, sse, sse2, sse3, ssse3, sse4.1, sse4.2, popcnt, avx, avx2, aes, clmul, erms, lzcnt, ht, tsc, tscinvbit, bmi1, bmi2

Memory: 4k page, physical 8301676k(905120k free), swap 11447404k(4900k free)

vm_info: Java HotSpot(TM) 64-Bit Server VM (25.121-b13) for windows-amd64 JRE (1.8.0_121-b13), built on Dec 12 2016 18:21:36 by "java_re" with MS VC++ 10.0 (VS2010)

time: Sun Feb 03 14:02:35 2019
elapsed time: 4 seconds (0d 0h 0m 4s)

